<?xml version="1.0" encoding="UTF-8"?>
<!-- Generated by org.testng.reporters.JUnitReportReporter -->
<testsuite hostname="DESKTOP-TETEIV8" failures="0" tests="2" name="automationProject1.Testing1" time="0.043" errors="0" timestamp="2024-05-04T14:47:38 BDT" skipped="0">
  <testcase classname="automationProject1.Testing1" name="TestTittle" time="0.026"/>
  <system-out/>
  <testcase classname="automationProject1.Testing1" name="TestURL" time="0.017"/>
  <system-out/>
</testsuite> <!-- automationProject1.Testing1 -->
