<?xml version="1.0" encoding="UTF-8"?>
<!-- Generated by org.testng.reporters.JUnitReportReporter -->
<testsuite hostname="DESKTOP-TETEIV8" failures="0" tests="5" name="automationProject1.Testing1" time="1.174" errors="0" timestamp="2024-05-23T11:39:30 BDT" skipped="0">
  <testcase classname="automationProject1.Testing1" name="TestURL" time="0.034"/>
  <system-out/>
  <testcase classname="automationProject1.Testing1" name="TestTittle" time="0.020"/>
  <system-out/>
  <testcase classname="automationProject1.Testing1" name="testUserNameAndPassword" time="0.710"/>
  <system-out/>
  <testcase classname="automationProject1.Testing1" name="addItemToCart" time="0.192"/>
  <system-out/>
  <testcase classname="automationProject1.Testing1" name="clickOnInventoryItem" time="0.218"/>
  <system-out/>
</testsuite> <!-- automationProject1.Testing1 -->
